<?xml version="1.0" encoding="UTF-8"?>
<!-- Generated by org.testng.reporters.JUnitReportReporter -->
<testsuite hostname="DEL1-LHP-N72419" failures="0" tests="1" name="QaAssessment.MovieManiac.PageObjectMain" time="23.318" errors="0" timestamp="2022-11-01T23:51:35 IST" skipped="0">
  <testcase classname="QaAssessment.MovieManiac.PageObjectMain" name="searchAndCompareMovie" time="23.318"/>
  <system-out/>
</testsuite> <!-- QaAssessment.MovieManiac.PageObjectMain -->
